<?xml version="1.0" encoding="UTF-8"?>
<!-- Generated by org.testng.reporters.JUnitReportReporter -->
<testsuite hostname="ubuntu-Inspiron-5559" failures="0" tests="9" name="testingRestAPI.testingRestAPI" time="16.127" errors="0" timestamp="2021-08-21T17:14:12 IST" skipped="0">
  <testcase classname="testingRestAPI.testingRestAPI" name="createTask" time="1.031"/>
  <system-out/>
  <testcase classname="testingRestAPI.testingRestAPI" name="ContentCheck" time="5.854"/>
  <system-out/>
  <testcase classname="testingRestAPI.testingRestAPI" name="getInActiveTask" time="0.856"/>
  <system-out/>
  <testcase classname="testingRestAPI.testingRestAPI" name="closeTask" time="0.909"/>
  <system-out/>
  <testcase classname="testingRestAPI.testingRestAPI" name="UpdateTask" time="1.021"/>
  <system-out/>
  <testcase classname="testingRestAPI.testingRestAPI" name="getActiveTask" time="2.094"/>
  <system-out/>
  <testcase classname="testingRestAPI.testingRestAPI" name="FetchData" time="1.004"/>
  <system-out/>
  <testcase classname="testingRestAPI.testingRestAPI" name="IdCheck" time="2.050"/>
  <system-out/>
  <testcase classname="testingRestAPI.testingRestAPI" name="Reopentask" time="1.308"/>
  <system-out/>
</testsuite> <!-- testingRestAPI.testingRestAPI -->
