<?xml version="1.0" encoding="UTF-8"?>
<!-- Generated by org.testng.reporters.JUnitReportReporter -->
<testsuite hostname="ubuntu-Inspiron-5559" failures="0" tests="7" name="testingRestAPI.testingRestAPI" time="15.026" errors="0" timestamp="2021-08-21T16:02:22 IST" skipped="0">
  <testcase classname="testingRestAPI.testingRestAPI" name="closeTask" time="1.010"/>
  <system-out/>
  <testcase classname="testingRestAPI.testingRestAPI" name="getActiveTask" time="2.338"/>
  <system-out/>
  <testcase classname="testingRestAPI.testingRestAPI" name="IdCheck" time="2.059"/>
  <system-out/>
  <testcase classname="testingRestAPI.testingRestAPI" name="getInActiveTask" time="0.833"/>
  <system-out/>
  <testcase classname="testingRestAPI.testingRestAPI" name="createTask" time="1.114"/>
  <system-out/>
  <testcase classname="testingRestAPI.testingRestAPI" name="ContentCheck" time="6.665"/>
  <system-out/>
  <testcase classname="testingRestAPI.testingRestAPI" name="FetchData" time="1.007"/>
  <system-out/>
</testsuite> <!-- testingRestAPI.testingRestAPI -->
