<?xml version="1.0" encoding="UTF-8"?>
<!-- Generated by org.testng.reporters.JUnitReportReporter -->
<testsuite hostname="ubuntu-Inspiron-5559" failures="0" tests="3" name="testingRestAPI.testingRestAPI" time="5.278" errors="0" timestamp="2021-08-20T17:30:28 IST" skipped="0">
  <testcase classname="testingRestAPI.testingRestAPI" name="FetchData" time="0.751"/>
  <system-out/>
  <testcase classname="testingRestAPI.testingRestAPI" name="ContentCheck" time="2.955"/>
  <system-out/>
  <testcase classname="testingRestAPI.testingRestAPI" name="IdCheck" time="1.572"/>
  <system-out/>
</testsuite> <!-- testingRestAPI.testingRestAPI -->
